- !!python/object/apply:collections.OrderedDict
  - - [name, examples]
    - [hostname, 201-113.eduroam.saclay.inria.fr]
    - [timestamp, '2019-04-09T14:16:00.404168']
    - [tests, 43]
    - [failures, 0]
    - [time, '10.591']
    - - details
      - - !!python/object/apply:collections.OrderedDict
          - - [name, add1 (examples/add1.jazz)]
            - [time, '0.072']
            - [success, true]
            - [shouldpass, true]
            - - output
              - |-
                b''
        - !!python/object/apply:collections.OrderedDict
          - - [name, al3 (examples/al3.jazz)]
            - [time, '0.076']
            - [success, true]
            - [shouldpass, true]
            - - output
              - |-
                b''
        - !!python/object/apply:collections.OrderedDict
          - - [name, alreadyset (examples/alreadyset.jazz)]
            - [time, '0.084']
            - [success, true]
            - [shouldpass, true]
            - - output
              - |-
                b''
        - !!python/object/apply:collections.OrderedDict
          - - [name, bt (examples/bt.jazz)]
            - [time, '0.073']
            - [success, true]
            - [shouldpass, true]
            - - output
              - |-
                b''
        - !!python/object/apply:collections.OrderedDict
          - - [name, fe25519_mul (examples/fe25519_mul.jazz)]
            - [time, '0.121']
            - [success, true]
            - [shouldpass, true]
            - - output
              - |-
                b''
        - !!python/object/apply:collections.OrderedDict
          - - [name, hw (examples/hw.jazz)]
            - [time, '0.085']
            - [success, true]
            - [shouldpass, true]
            - - output
              - |-
                b''
        - !!python/object/apply:collections.OrderedDict
          - - [name, identity (examples/identity.jazz)]
            - [time, '0.071']
            - [success, true]
            - [shouldpass, true]
            - - output
              - |-
                b''
        - !!python/object/apply:collections.OrderedDict
          - - [name, imm256 (examples/imm256.jazz)]
            - [time, '0.081']
            - [success, true]
            - [shouldpass, true]
            - - output
              - |-
                b'WARNING: at examples/imm256.jazz: line 29 (0-91) the argument 77708886481439537502114023296838182342452070989719098857970983598064258152311 is not a variable, inlining will introduce an assigment\n'
        - !!python/object/apply:collections.OrderedDict
          - - [name, loop_array_call (examples/loop_array_call.jazz)]
            - [time, '0.077']
            - [success, true]
            - [shouldpass, true]
            - - output
              - |-
                b''
        - !!python/object/apply:collections.OrderedDict
          - - [name, memcmp (examples/memcmp.jazz)]
            - [time, '0.075']
            - [success, true]
            - [shouldpass, true]
            - - output
              - |-
                b'WARNING: CAN NOT FIND IINFO 1\n'
        - !!python/object/apply:collections.OrderedDict
          - - [name, nolea (examples/nolea.jazz)]
            - [time, '0.079']
            - [success, true]
            - [shouldpass, true]
            - - output
              - |-
                b'WARNING: at line 31, LEA instruction is used\nWARNING: at line 29, LEA instruction is used\nWARNING: at line 28, LEA instruction is used\nWARNING: at line 27, LEA instruction is used\nWARNING: at line 26, LEA instruction is used\nWARNING: at line 25, LEA instruction is used\nWARNING: at line 24, LEA instruction is used\nWARNING: at line 22, LEA instruction is used\nWARNING: at line 21, LEA instruction is used\nWARNING: at line 20, LEA instruction is used\n'
        - !!python/object/apply:collections.OrderedDict
          - - [name, noset0 (examples/noset0.jazz)]
            - [time, '0.075']
            - [success, true]
            - [shouldpass, true]
            - - output
              - |-
                b''
        - !!python/object/apply:collections.OrderedDict
          - - [name, oops (examples/oops.jazz)]
            - [time, '0.074']
            - [success, true]
            - [shouldpass, true]
            - - output
              - |-
                b''
        - !!python/object/apply:collections.OrderedDict
          - - [name, oops2 (examples/oops2.jazz)]
            - [time, '0.073']
            - [success, true]
            - [shouldpass, true]
            - - output
              - |-
                b''
        - !!python/object/apply:collections.OrderedDict
          - - [name, partial-copy (examples/partial-copy.jazz)]
            - [time, '0.101']
            - [success, true]
            - [shouldpass, true]
            - - output
              - |-
                b'WARNING: introduce 5 _ lvalues at line 26\nWARNING: CAN NOT FIND IINFO 1\n'
        - !!python/object/apply:collections.OrderedDict
          - - [name, retz (examples/retz.jazz)]
            - [time, '0.074']
            - [success, true]
            - [shouldpass, true]
            - - output
              - |-
                b''
        - !!python/object/apply:collections.OrderedDict
          - - [name, scratch (examples/scratch.jazz)]
            - [time, '0.080']
            - [success, true]
            - [shouldpass, true]
            - - output
              - |-
                b''
        - !!python/object/apply:collections.OrderedDict
          - - [name, set0 (examples/set0.jazz)]
            - [time, '0.072']
            - [success, true]
            - [shouldpass, true]
            - - output
              - |-
                b'WARNING: introduce 5 _ lvalues at line 2\nWARNING: introduce 4 _ lvalues at line 3\nWARNING: introduce 2 _ lvalues at line 4\nWARNING: introduce 5 _ lvalues at line 9\nWARNING: introduce 5 _ lvalues at line 10\nWARNING: introduce 5 _ lvalues at line 11\nWARNING: introduce 5 _ lvalues at line 12\n'
        - !!python/object/apply:collections.OrderedDict
          - - [name, test (examples/test.jazz)]
            - [time, '0.082']
            - [success, true]
            - [shouldpass, true]
            - - output
              - |-
                b''
        - !!python/object/apply:collections.OrderedDict
          - - [name, test_add (examples/test_add.jazz)]
            - [time, '0.078']
            - [success, true]
            - [shouldpass, true]
            - - output
              - |-
                b'WARNING: CAN NOT FIND IINFO 1\n'
        - !!python/object/apply:collections.OrderedDict
          - - [name, test_amikoj (examples/test_amikoj.jazz)]
            - [time, '0.071']
            - [success, true]
            - [shouldpass, true]
            - - output
              - |-
                b''
        - !!python/object/apply:collections.OrderedDict
          - - [name, test_bool (examples/test_bool.jazz)]
            - [time, '0.076']
            - [success, true]
            - [shouldpass, true]
            - - output
              - |-
                b''
        - !!python/object/apply:collections.OrderedDict
          - - [name, test_call (examples/test_call.jazz)]
            - [time, '0.072']
            - [success, true]
            - [shouldpass, true]
            - - output
              - |-
                b'WARNING: at examples/test_call.jazz: line 18 (3-23) the argument ((64u) 0) is not a variable, inlining will introduce an assigment\nWARNING: at examples/test_call.jazz: line 18 (3-23) the argument ((64u) 0) is not a variable, inlining will introduce an assigment\nWARNING: at examples/test_call.jazz: line 19 (3-16) the argument ((64u) 0) is not a variable, inlining will introduce an assigment\nWARNING: at examples/test_call.jazz: line 19 (3-16), variables z and y will be merged to z\n'
        - !!python/object/apply:collections.OrderedDict
          - - [name, test_cmp (examples/test_cmp.jazz)]
            - [time, '0.080']
            - [success, true]
            - [shouldpass, true]
            - - output
              - |-
                b''
        - !!python/object/apply:collections.OrderedDict
          - - [name, test_for (examples/test_for.jazz)]
            - [time, '0.078']
            - [success, true]
            - [shouldpass, true]
            - - output
              - |-
                b''
        - !!python/object/apply:collections.OrderedDict
          - - [name, test_global (examples/test_global.jazz)]
            - [time, '0.072']
            - [success, true]
            - [shouldpass, true]
            - - output
              - |-
                b''
        - !!python/object/apply:collections.OrderedDict
          - - [name, test_imm (examples/test_imm.jazz)]
            - [time, '0.080']
            - [success, true]
            - [shouldpass, true]
            - - output
              - |-
                b''
        - !!python/object/apply:collections.OrderedDict
          - - [name, test_inline_var (examples/test_inline_var.jazz)]
            - [time, '0.076']
            - [success, true]
            - [shouldpass, true]
            - - output
              - |-
                b'WARNING: at examples/test_inline_var.jazz: line 10 (0-16) the argument \n((64u) 6) is not a variable, inlining will introduce an assigment\nWARNING: at examples/test_inline_var.jazz: line 11 (0-16) the argument \n((64u) 3) is not a variable, inlining will introduce an assigment\nWARNING: at examples/test_inline_var.jazz: line 12 (0-16) the argument \n((64u) 5) is not a variable, inlining will introduce an assigment\n'
        - !!python/object/apply:collections.OrderedDict
          - - [name, test_iterated_square (examples/test_iterated_square.jazz)]
            - [time, '0.119']
            - [success, true]
            - [shouldpass, true]
            - - output
              - |-
                b''
        - !!python/object/apply:collections.OrderedDict
          - - [name, test_lea (examples/test_lea.jazz)]
            - [time, '0.085']
            - [success, true]
            - [shouldpass, true]
            - - output
              - |-
                b'WARNING: at line 29, LEA instruction is used\nWARNING: at line 27, LEA instruction is used\nWARNING: at line 26, LEA instruction is used\nWARNING: at line 25, LEA instruction is used\nWARNING: at line 24, LEA instruction is used\nWARNING: at line 23, LEA instruction is used\nWARNING: at line 22, LEA instruction is used\nWARNING: at line 20, LEA instruction is used\nWARNING: at line 19, LEA instruction is used\nWARNING: at line 18, LEA instruction is used\n'
        - !!python/object/apply:collections.OrderedDict
          - - [name, test_lea_sub (examples/test_lea_sub.jazz)]
            - [time, '0.081']
            - [success, true]
            - [shouldpass, true]
            - - output
              - |-
                b'WARNING: at line 8, LEA instruction is used\nWARNING: at line 7, LEA instruction is used\nWARNING: at line 6, LEA instruction is used\n'
        - !!python/object/apply:collections.OrderedDict
          - - [name, test_lnot (examples/test_lnot.jazz)]
            - [time, '0.079']
            - [success, true]
            - [shouldpass, true]
            - - output
              - |-
                b''
        - !!python/object/apply:collections.OrderedDict
          - - [name, test_lowereq (examples/test_lowereq.jazz)]
            - [time, '0.080']
            - [success, true]
            - [shouldpass, true]
            - - output
              - |-
                b''
        - !!python/object/apply:collections.OrderedDict
          - - [name, test_lra (examples/test_lra.jazz)]
            - [time, '0.082']
            - [success, true]
            - [shouldpass, true]
            - - output
              - |-
                b'WARNING: CAN NOT FIND IINFO 1\n'
        - !!python/object/apply:collections.OrderedDict
          - - [name, test_mem (examples/test_mem.jazz)]
            - [time, '0.073']
            - [success, true]
            - [shouldpass, true]
            - - output
              - |-
                b''
        - !!python/object/apply:collections.OrderedDict
          - - [name, test_movcc (examples/test_movcc.jazz)]
            - [time, '0.075']
            - [success, true]
            - [shouldpass, true]
            - - output
              - |-
                b''
        - !!python/object/apply:collections.OrderedDict
          - - [name, test_rotations (examples/test_rotations.jazz)]
            - [time, '0.076']
            - [success, true]
            - [shouldpass, true]
            - - output
              - |-
                b''
        - !!python/object/apply:collections.OrderedDict
          - - [name, test_set0 (examples/test_set0.jazz)]
            - [time, '0.075']
            - [success, true]
            - [shouldpass, true]
            - - output
              - |-
                b''
        - !!python/object/apply:collections.OrderedDict
          - - [name, test_shift (examples/test_shift.jazz)]
            - [time, '0.072']
            - [success, true]
            - [shouldpass, true]
            - - output
              - |-
                b''
        - !!python/object/apply:collections.OrderedDict
          - - [name, test_simpl (examples/test_simpl.jazz)]
            - [time, '0.076']
            - [success, true]
            - [shouldpass, true]
            - - output
              - |-
                b''
        - !!python/object/apply:collections.OrderedDict
          - - [name, test_var_alloc2 (examples/test_var_alloc2.jazz)]
            - [time, '0.072']
            - [success, true]
            - [shouldpass, true]
            - - output
              - |-
                b''
        - !!python/object/apply:collections.OrderedDict
          - - [name, threeway (examples/threeway.jazz)]
            - [time, '0.076']
            - [success, true]
            - [shouldpass, true]
            - - output
              - |-
                b''
        - !!python/object/apply:collections.OrderedDict
          - - [name, xor_256_64 (examples/xor_256_64.jazz)]
            - [time, '0.077']
            - [success, true]
            - [shouldpass, true]
            - - output
              - |-
                b'WARNING: at examples/xor_256_64.jazz: line 18 (0-36) the argument 1 is not a variable, inlining will introduce an assigment\nWARNING: at examples/xor_256_64.jazz: line 18 (0-36) the argument ((64u)\n                                                                  12302652056653603379) is not a variable, inlining will introduce an assigment\n'
- !!python/object/apply:collections.OrderedDict
  - - [name, examples/gimli]
    - [hostname, 201-113.eduroam.saclay.inria.fr]
    - [timestamp, '2019-04-09T14:16:00.404168']
    - [tests, 4]
    - [failures, 2]
    - [time, '10.591']
    - - details
      - - !!python/object/apply:collections.OrderedDict
          - - [name, gimli (examples/gimli/gimli.jazz)]
            - [time, '1.216']
            - [success, true]
            - [shouldpass, true]
            - - output
              - |-
                b'WARNING: introduce 5 _ lvalues at line 29\nWARNING: at examples/gimli/gimli.jazz: line 49 (6-24) the argument 24 is not a variable, inlining will introduce an assigment\nWARNING: at examples/gimli/gimli.jazz: line 49 (6-24), variables t2 and x will be merged to x\nWARNING: at examples/gimli/gimli.jazz: line 51 (6-24) the argument 9 is not a variable, inlining will introduce an assigment\nWARNING: at examples/gimli/gimli.jazz: line 51 (6-24), variables t2 and x will be merged to y\n'
        - !!python/object/apply:collections.OrderedDict
          - - [name, gimli_ref (examples/gimli/gimli_ref.jazz)]
            - [time, '0.166']
            - [success, false]
            - [shouldpass, true]
            - - output
              - |-
                b'WARNING: at examples/gimli/gimli_ref.jazz: line 15 (8-26) the argument 24 is not a variable, inlining will introduce an assigment\nWARNING: at examples/gimli/gimli_ref.jazz: line 17 (8-25) the argument 9 is not a variable, inlining will introduce an assigment\ncompilation error in functions gimli and gimli at position line 20 from\n                                                           line 63: assembler error check_sopn_res\nPLEASE REPORT\n'
        - !!python/object/apply:collections.OrderedDict
          - - [name, gimli_ref1 (examples/gimli/gimli_ref1.jazz)]
            - [time, '0.174']
            - [success, false]
            - [shouldpass, true]
            - - output
              - |-
                b'WARNING: at examples/gimli/gimli_ref1.jazz: line 15 (8-26) the argument 24 is not a variable, inlining will introduce an assigment\nWARNING: at examples/gimli/gimli_ref1.jazz: line 17 (8-25) the argument 9 is not a variable, inlining will introduce an assigment\ncompilation error in functions gimli and gimli at position line 3 from\n                                                           line 15 from\n                                                           line 63: assembler error check_sopn_res\nPLEASE REPORT\n'
        - !!python/object/apply:collections.OrderedDict
          - - [name, gimliv (examples/gimli/gimliv.jazz)]
            - [time, '0.145']
            - [success, true]
            - [shouldpass, true]
            - - output
              - |-
                b'WARNING: at examples/gimli/gimliv.jazz: line 48 (4-23) the argument 24 is not a variable, inlining will introduce an assigment\nWARNING: at examples/gimli/gimliv.jazz: line 49 (4-22) the argument 9 is not a variable, inlining will introduce an assigment\nWARNING: at examples/gimli/gimliv.jazz: line 51 (4-20) the argument 1 is not a variable, inlining will introduce an assigment\nWARNING: at examples/gimli/gimliv.jazz: line 53 (4-20) the argument 2 is not a variable, inlining will introduce an assigment\nWARNING: at examples/gimli/gimliv.jazz: line 58 (4-20) the argument 1 is not a variable, inlining will introduce an assigment\nWARNING: at examples/gimli/gimliv.jazz: line 63 (4-20) the argument 3 is not a variable, inlining will introduce an assigment\nWARNING: at examples/gimli/gimliv.jazz: line 71 (6-36) the argument 2 is not a variable, inlining will introduce an assigment\nWARNING: at examples/gimli/gimliv.jazz: line 71 (6-36) the argument 3 is not a variable, inlining will introduce an assigment\nWARNING: at examples/gimli/gimliv.jazz: line 71 (6-36) the argument 0 is not a variable, inlining will introduce an assigment\nWARNING: at examples/gimli/gimliv.jazz: line 71 (6-36) the argument 1 is not a variable, inlining will introduce an assigment\nWARNING: at examples/gimli/gimliv.jazz: line 76 (6-36) the argument 1 is not a variable, inlining will introduce an assigment\nWARNING: at examples/gimli/gimliv.jazz: line 76 (6-36) the argument 0 is not a variable, inlining will introduce an assigment\nWARNING: at examples/gimli/gimliv.jazz: line 76 (6-36) the argument 3 is not a variable, inlining will introduce an assigment\nWARNING: at examples/gimli/gimliv.jazz: line 76 (6-36) the argument 2 is not a variable, inlining will introduce an assigment\nWARNING: at examples/gimli/gimliv.jazz: line 97 (4-22) the argument 24 is not a variable, inlining will introduce an assigment\nWARNING: at examples/gimli/gimliv.jazz: line 98 (4-21) the argument 9 is not a variable, inlining will introduce an assigment\nWARNING: at examples/gimli/gimliv.jazz: line 100 (4-20) the argument 1 is not a variable, inlining will introduce an assigment\nWARNING: at examples/gimli/gimliv.jazz: line 102 (4-20) the argument 2 is not a variable, inlining will introduce an assigment\nWARNING: at examples/gimli/gimliv.jazz: line 107 (4-20) the argument 1 is not a variable, inlining will introduce an assigment\nWARNING: at examples/gimli/gimliv.jazz: line 112 (4-20) the argument 3 is not a variable, inlining will introduce an assigment\nWARNING: at examples/gimli/gimliv.jazz: line 120 (6-36) the argument 2 is not a variable, inlining will introduce an assigment\nWARNING: at examples/gimli/gimliv.jazz: line 120 (6-36) the argument 3 is not a variable, inlining will introduce an assigment\nWARNING: at examples/gimli/gimliv.jazz: line 120 (6-36) the argument 0 is not a variable, inlining will introduce an assigment\nWARNING: at examples/gimli/gimliv.jazz: line 120 (6-36) the argument 1 is not a variable, inlining will introduce an assigment\nWARNING: at examples/gimli/gimliv.jazz: line 125 (6-36) the argument 1 is not a variable, inlining will introduce an assigment\nWARNING: at examples/gimli/gimliv.jazz: line 125 (6-36) the argument 0 is not a variable, inlining will introduce an assigment\nWARNING: at examples/gimli/gimliv.jazz: line 125 (6-36) the argument 3 is not a variable, inlining will introduce an assigment\nWARNING: at examples/gimli/gimliv.jazz: line 125 (6-36) the argument 2 is not a variable, inlining will introduce an assigment\n'
- !!python/object/apply:collections.OrderedDict
  - - [name, examples/safety]
    - [hostname, 201-113.eduroam.saclay.inria.fr]
    - [timestamp, '2019-04-09T14:16:00.404168']
    - [tests, 1]
    - [failures, 1]
    - [time, '10.591']
    - - details
      - - !!python/object/apply:collections.OrderedDict
          - - [name, load (examples/safety/load.jazz)]
            - [time, '0.036']
            - [success, false]
            - [shouldpass, true]
            - - output
              - |-
                b'examples/safety/load.jazz: line 24 (9-10): variable x.101 is an array (function return)\n'
- !!python/object/apply:collections.OrderedDict
  - - [name, examples/siphash]
    - [hostname, 201-113.eduroam.saclay.inria.fr]
    - [timestamp, '2019-04-09T14:16:00.404168']
    - [tests, 1]
    - [failures, 1]
    - [time, '10.591']
    - - details
      - - !!python/object/apply:collections.OrderedDict
          - - [name, siphash (examples/siphash/siphash.jazz)]
            - [time, '0.081']
            - [success, false]
            - [shouldpass, true]
            - - output
              - |-
                b'WARNING: at examples/siphash/siphash.jazz: line 12 (2-24) the argument U64[v 1] is not a variable, inlining will introduce an assigment\nWARNING: at examples/siphash/siphash.jazz: line 12 (2-24) the argument 13 is not a variable, inlining will introduce an assigment\nWARNING: at examples/siphash/siphash.jazz: line 12 (2-24) the lval U64[v 1] is not a variable, inlining will introduce an assigment\nWARNING: at examples/siphash/siphash.jazz: line 14 (2-24) the argument U64[v 0] is not a variable, inlining will introduce an assigment\nWARNING: at examples/siphash/siphash.jazz: line 14 (2-24) the argument 32 is not a variable, inlining will introduce an assigment\nWARNING: at examples/siphash/siphash.jazz: line 14 (2-24) the lval U64[v 0] is not a variable, inlining will introduce an assigment\nWARNING: at examples/siphash/siphash.jazz: line 16 (2-24) the argument U64[v 3] is not a variable, inlining will introduce an assigment\nWARNING: at examples/siphash/siphash.jazz: line 16 (2-24) the argument 16 is not a variable, inlining will introduce an assigment\nWARNING: at examples/siphash/siphash.jazz: line 16 (2-24) the lval U64[v 3] is not a variable, inlining will introduce an assigment\nWARNING: at examples/siphash/siphash.jazz: line 19 (2-24) the argument U64[v 3] is not a variable, inlining will introduce an assigment\nWARNING: at examples/siphash/siphash.jazz: line 19 (2-24) the argument 21 is not a variable, inlining will introduce an assigment\nWARNING: at examples/siphash/siphash.jazz: line 19 (2-24) the lval U64[v 3] is not a variable, inlining will introduce an assigment\nWARNING: at examples/siphash/siphash.jazz: line 22 (2-24) the argument U64[v 1] is not a variable, inlining will introduce an assigment\nWARNING: at examples/siphash/siphash.jazz: line 22 (2-24) the argument 17 is not a variable, inlining will introduce an assigment\nWARNING: at examples/siphash/siphash.jazz: line 22 (2-24) the lval U64[v 1] is not a variable, inlining will introduce an assigment\nWARNING: at examples/siphash/siphash.jazz: line 24 (2-24) the argument U64[v 2] is not a variable, inlining will introduce an assigment\nWARNING: at examples/siphash/siphash.jazz: line 24 (2-24) the argument 32 is not a variable, inlining will introduce an assigment\nWARNING: at examples/siphash/siphash.jazz: line 24 (2-24) the lval U64[v 2] is not a variable, inlining will introduce an assigment\nWARNING: CAN NOT FIND IINFO 1\nline 69: conflicting variables in.247 and end.1318 must be merged due to:\nin.247 :\xcf\x86=(U64) in.1498; at line -1\n( _44.1313,  _45.1314,  _46.1315,  _47.1316,  _48.1317, end.1318) =\n  #x86_ADD_64(in.247, inlen.1312); at\nline 69\n( _163.1493,  _164.1494,  _165.1495,  _166.1496,  _167.1497, in.1498) =\n  #x86_ADD_64(in.247, ((64u) 8)); at\nline 78\n'
- !!python/object/apply:collections.OrderedDict
  - - [name, examples/safety/loop]
    - [hostname, 201-113.eduroam.saclay.inria.fr]
    - [timestamp, '2019-04-09T14:16:00.404168']
    - [tests, 6]
    - [failures, 0]
    - [time, '10.591']
    - - details
      - - !!python/object/apply:collections.OrderedDict
          - - [name, loop1 (examples/safety/loop/loop1.jazz)]
            - [time, '0.077']
            - [success, true]
            - [shouldpass, true]
            - - output
              - |-
                b'WARNING: CAN NOT FIND IINFO 1\n'
        - !!python/object/apply:collections.OrderedDict
          - - [name, loop2 (examples/safety/loop/loop2.jazz)]
            - [time, '0.076']
            - [success, true]
            - [shouldpass, true]
            - - output
              - |-
                b'WARNING: CAN NOT FIND IINFO 1\n'
        - !!python/object/apply:collections.OrderedDict
          - - [name, loop3 (examples/safety/loop/loop3.jazz)]
            - [time, '0.074']
            - [success, true]
            - [shouldpass, true]
            - - output
              - |-
                b'WARNING: CAN NOT FIND IINFO 1\n'
        - !!python/object/apply:collections.OrderedDict
          - - [name, loop3b (examples/safety/loop/loop3b.jazz)]
            - [time, '0.081']
            - [success, true]
            - [shouldpass, true]
            - - output
              - |-
                b'WARNING: introduce 5 _ lvalues at line 36\nWARNING: introduce 5 _ lvalues at line 45\nWARNING: introduce 5 _ lvalues at line 50\nWARNING: CAN NOT FIND IINFO 1\n'
        - !!python/object/apply:collections.OrderedDict
          - - [name, loop4 (examples/safety/loop/loop4.jazz)]
            - [time, '0.102']
            - [success, true]
            - [shouldpass, true]
            - - output
              - |-
                b'WARNING: introduce 5 _ lvalues at line 123\nWARNING: introduce 5 _ lvalues at line 132\nWARNING: introduce 5 _ lvalues at line 139\nWARNING: CAN NOT FIND IINFO 1\n'
        - !!python/object/apply:collections.OrderedDict
          - - [name, loop5 (examples/safety/loop/loop5.jazz)]
            - [time, '0.991']
            - [success, true]
            - [shouldpass, true]
            - - output
              - |-
                b'WARNING: introduce 5 _ lvalues at line 156\nWARNING: introduce 5 _ lvalues at line 165\nWARNING: introduce 5 _ lvalues at line 183\nWARNING: CAN NOT FIND IINFO 1\n'
- !!python/object/apply:collections.OrderedDict
  - - [name, examples/kyber/avx2]
    - [hostname, 201-113.eduroam.saclay.inria.fr]
    - [timestamp, '2019-04-09T14:16:00.404168']
    - [tests, 1]
    - [failures, 1]
    - [time, '10.591']
    - - details
      - - !!python/object/apply:collections.OrderedDict
          - - [name, ntt (examples/kyber/avx2/ntt.jazz)]
            - [time, '0.056']
            - [success, false]
            - [shouldpass, true]
            - - output
              - |-
                b'WARNING: at examples/kyber/avx2/ntt.jazz: line 134 (8-36), variables u and a will be merged to t1\nWARNING: CAN NOT FIND IINFO 1\nWARNING: CAN NOT FIND IINFO 1\nWARNING: CAN NOT FIND IINFO 1\ncompilation error in functions ntt_mil and ntt_mil at position line 29 from\n                                                               line 130: assembler error check_sopn_arg\nPLEASE REPORT\n'
- !!python/object/apply:collections.OrderedDict
  - - [name, examples/kyber/ref]
    - [hostname, 201-113.eduroam.saclay.inria.fr]
    - [timestamp, '2019-04-09T14:16:00.404168']
    - [tests, 1]
    - [failures, 1]
    - [time, '10.591']
    - - details
      - - !!python/object/apply:collections.OrderedDict
          - - [name, ntt (examples/kyber/ref/ntt.jazz)]
            - [time, '0.065']
            - [success, false]
            - [shouldpass, true]
            - - output
              - |-
                b'WARNING: at examples/kyber/ref/ntt.jazz: line 134 (8-36), variables u and a will be merged to t1\nWARNING: CAN NOT FIND IINFO 1\nWARNING: CAN NOT FIND IINFO 1\nWARNING: CAN NOT FIND IINFO 1\ncompilation error in functions ntt_mil and ntt_mil at position line 29 from\n                                                               line 130: assembler error check_sopn_arg\nPLEASE REPORT\n'
- !!python/object/apply:collections.OrderedDict
  - - [name, tests/success]
    - [hostname, 201-113.eduroam.saclay.inria.fr]
    - [timestamp, '2019-04-09T14:16:00.404168']
    - [tests, 30]
    - [failures, 0]
    - [time, '10.591']
    - - details
      - - !!python/object/apply:collections.OrderedDict
          - - [name, adcx_adox_mulx (tests/success/adcx_adox_mulx.jazz)]
            - [time, '0.074']
            - [success, true]
            - [shouldpass, true]
            - - output
              - |-
                b''
        - !!python/object/apply:collections.OrderedDict
          - - [name, addcarry (tests/success/addcarry.jazz)]
            - [time, '0.077']
            - [success, true]
            - [shouldpass, true]
            - - output
              - |-
                b'WARNING: introduce 5 _ lvalues at line 17\n'
        - !!python/object/apply:collections.OrderedDict
          - - [name, andn (tests/success/andn.jazz)]
            - [time, '0.075']
            - [success, true]
            - [shouldpass, true]
            - - output
              - |-
                b''
        - !!python/object/apply:collections.OrderedDict
          - - [name, bswap (tests/success/bswap.jazz)]
            - [time, '0.076']
            - [success, true]
            - [shouldpass, true]
            - - output
              - |-
                b''
        - !!python/object/apply:collections.OrderedDict
          - - [name, divmod (tests/success/divmod.jazz)]
            - [time, '0.077']
            - [success, true]
            - [shouldpass, true]
            - - output
              - |-
                b''
        - !!python/object/apply:collections.OrderedDict
          - - [name, dynglob (tests/success/dynglob.jazz)]
            - [time, '0.076']
            - [success, true]
            - [shouldpass, true]
            - - output
              - |-
                b''
        - !!python/object/apply:collections.OrderedDict
          - - [name, eval_for (tests/success/eval_for.jazz)]
            - [time, '0.081']
            - [success, true]
            - [shouldpass, true]
            - - output
              - |-
                b'WARNING: introduce 5 _ lvalues at line 15\n'
        - !!python/object/apply:collections.OrderedDict
          - - [name, eval_poly1305_u32 (tests/success/eval_poly1305_u32.jazz)]
            - [time, '1.060']
            - [success, true]
            - [shouldpass, true]
            - - output
              - |-
                b'WARNING: introduce 5 _ lvalues at line 156\nWARNING: introduce 5 _ lvalues at line 165\nWARNING: introduce 5 _ lvalues at line 183\nWARNING: CAN NOT FIND IINFO 1\n'
        - !!python/object/apply:collections.OrderedDict
          - - [name, evaluator (tests/success/evaluator.jazz)]
            - [time, '0.075']
            - [success, true]
            - [shouldpass, true]
            - - output
              - |-
                b''
        - !!python/object/apply:collections.OrderedDict
          - - [name, extend (tests/success/extend.jazz)]
            - [time, '0.076']
            - [success, true]
            - [shouldpass, true]
            - - output
              - |-
                b''
        - !!python/object/apply:collections.OrderedDict
          - - [name, global (tests/success/global.jazz)]
            - [time, '0.075']
            - [success, true]
            - [shouldpass, true]
            - - output
              - |-
                b''
        - !!python/object/apply:collections.OrderedDict
          - - [name, inline-if (tests/success/inline-if.jazz)]
            - [time, '0.087']
            - [success, true]
            - [shouldpass, true]
            - - output
              - |-
                b''
        - !!python/object/apply:collections.OrderedDict
          - - [name, memory (tests/success/memory.jazz)]
            - [time, '0.084']
            - [success, true]
            - [shouldpass, true]
            - - output
              - |-
                b'WARNING: CAN NOT FIND IINFO 1\nWARNING: CAN NOT FIND IINFO 1\n'
        - !!python/object/apply:collections.OrderedDict
          - - [name, opsizes (tests/success/opsizes.jazz)]
            - [time, '0.076']
            - [success, true]
            - [shouldpass, true]
            - - output
              - |-
                b'WARNING: introduce 5 _ lvalues at line 57\n'
        - !!python/object/apply:collections.OrderedDict
          - - [name, pack (tests/success/pack.jazz)]
            - [time, '0.076']
            - [success, true]
            - [shouldpass, true]
            - - output
              - |-
                b''
        - !!python/object/apply:collections.OrderedDict
          - - [name, param (tests/success/param.jazz)]
            - [time, '0.075']
            - [success, true]
            - [shouldpass, true]
            - - output
              - |-
                b''
        - !!python/object/apply:collections.OrderedDict
          - - [name, return-local-stack-array (tests/success/return-local-stack-array.jazz)]
            - [time, '0.105']
            - [success, true]
            - [shouldpass, true]
            - - output
              - |-
                b'WARNING: at tests/success/return-local-stack-array.jazz: line 14 (17-32), variables ra and x will be merged to t\nWARNING: CAN NOT FIND IINFO 1\n'
        - !!python/object/apply:collections.OrderedDict
          - - [name, shift (tests/success/shift.jazz)]
            - [time, '0.088']
            - [success, true]
            - [shouldpass, true]
            - - output
              - |-
                b'WARNING: introduce 5 _ lvalues at line 11\nWARNING: introduce 5 _ lvalues at line 13\nWARNING: introduce 5 _ lvalues at line 20\nWARNING: introduce 5 _ lvalues at line 22\nWARNING: introduce 5 _ lvalues at line 29\nWARNING: introduce 5 _ lvalues at line 31\nWARNING: introduce 5 _ lvalues at line 46\nWARNING: introduce 5 _ lvalues at line 48\nWARNING: introduce 5 _ lvalues at line 55\nWARNING: introduce 5 _ lvalues at line 57\nWARNING: introduce 5 _ lvalues at line 64\nWARNING: introduce 5 _ lvalues at line 66\n'
        - !!python/object/apply:collections.OrderedDict
          - - [name, stack_array (tests/success/stack_array.jazz)]
            - [time, '0.078']
            - [success, true]
            - [shouldpass, true]
            - - output
              - |-
                b'WARNING: CAN NOT FIND IINFO 1\nWARNING: CAN NOT FIND IINFO 1\n'
        - !!python/object/apply:collections.OrderedDict
          - - [name, stacking (tests/success/stacking.jazz)]
            - [time, '0.084']
            - [success, true]
            - [shouldpass, true]
            - - output
              - |-
                b''
        - !!python/object/apply:collections.OrderedDict
          - - [name, t_array_expand (tests/success/t_array_expand.jazz)]
            - [time, '0.074']
            - [success, true]
            - [shouldpass, true]
            - - output
              - |-
                b''
        - !!python/object/apply:collections.OrderedDict
          - - [name, test_casts (tests/success/test_casts.jazz)]
            - [time, '0.075']
            - [success, true]
            - [shouldpass, true]
            - - output
              - |-
                b''
        - !!python/object/apply:collections.OrderedDict
          - - [name, test_minus_one (tests/success/test_minus_one.jazz)]
            - [time, '0.075']
            - [success, true]
            - [shouldpass, true]
            - - output
              - |-
                b''
        - !!python/object/apply:collections.OrderedDict
          - - [name, test_mul (tests/success/test_mul.jazz)]
            - [time, '0.077']
            - [success, true]
            - [shouldpass, true]
            - - output
              - |-
                b''
        - !!python/object/apply:collections.OrderedDict
          - - [name, test_ternary (tests/success/test_ternary.jazz)]
            - [time, '0.079']
            - [success, true]
            - [shouldpass, true]
            - - output
              - |-
                b''
        - !!python/object/apply:collections.OrderedDict
          - - [name, test_type_eq (tests/success/test_type_eq.jazz)]
            - [time, '0.072']
            - [success, true]
            - [shouldpass, true]
            - - output
              - |-
                b''
        - !!python/object/apply:collections.OrderedDict
          - - [name, vector (tests/success/vector.jazz)]
            - [time, '0.088']
            - [success, true]
            - [shouldpass, true]
            - - output
              - |-
                b''
        - !!python/object/apply:collections.OrderedDict
          - - [name, vector_expression (tests/success/vector_expression.jazz)]
            - [time, '0.073']
            - [success, true]
            - [shouldpass, true]
            - - output
              - |-
                b''
        - !!python/object/apply:collections.OrderedDict
          - - [name, vpsxldq (tests/success/vpsxldq.jazz)]
            - [time, '0.166']
            - [success, true]
            - [shouldpass, true]
            - - output
              - |-
                b''
        - !!python/object/apply:collections.OrderedDict
          - - [name, while (tests/success/while.jazz)]
            - [time, '0.077']
            - [success, true]
            - [shouldpass, true]
            - - output
              - |-
                b'WARNING: introduce 2 _ lvalues at line 9\n'
- !!python/object/apply:collections.OrderedDict
  - - [name, tests/fail]
    - [hostname, 201-113.eduroam.saclay.inria.fr]
    - [timestamp, '2019-04-09T14:16:00.404168']
    - [tests, 11]
    - [failures, 0]
    - [time, '10.591']
    - - details
      - - !!python/object/apply:collections.OrderedDict
          - - [name, addcarry1 (tests/fail/addcarry1.jazz)]
            - [time, '0.034']
            - [success, true]
            - [shouldpass, false]
            - - output
              - |-
                b'WARNING: introduce 5 _ lvalues at line 10\nRegister allocation: variable  _5.136 must be allocated to conflicting register CF.72\n'
        - !!python/object/apply:collections.OrderedDict
          - - [name, addcarry2 (tests/fail/addcarry2.jazz)]
            - [time, '0.045']
            - [success, true]
            - [shouldpass, false]
            - - output
              - |-
                b'WARNING: introduce 5 _ lvalues at line 10\nRegister allocation: variable cf.137 must be allocated to conflicting register CF.72\n'
        - !!python/object/apply:collections.OrderedDict
          - - [name, return-local-stack (tests/fail/return-local-stack.jazz)]
            - [time, '0.039']
            - [success, true]
            - [shouldpass, false]
            - - output
              - |-
                b'tests/fail/return-local-stack.jazz: line 5 (9-10): typing error: can not return the local stack variable x\n'
        - !!python/object/apply:collections.OrderedDict
          - - [name, test_global (tests/fail/test_global.jazz)]
            - [time, '0.033']
            - [success, true]
            - [shouldpass, false]
            - - output
              - |-
                b"tests/fail/test_global.jazz: line 2 (10-13): typing error: unknown variable: `one'\n"
        - !!python/object/apply:collections.OrderedDict
          - - [name, test_global_int (tests/fail/test_global_int.jazz)]
            - [time, '0.041']
            - [success, true]
            - [shouldpass, false]
            - - output
              - |-
                b'tests/fail/test_global_int.jazz: line 1 (0-3): typing error: globals should have type word; found: \xe2\x80\x98int\xe2\x80\x99\n'
        - !!python/object/apply:collections.OrderedDict
          - - [name, test_in_out (tests/fail/test_in_out.jazz)]
            - [time, '0.039']
            - [success, true]
            - [shouldpass, false]
            - - output
              - |-
                b'at line line 1: can not allocate r1.91 into RAX.40, the variable is already allocated in RDI.47\n'
        - !!python/object/apply:collections.OrderedDict
          - - [name, test_unsupported (tests/fail/test_unsupported.jazz)]
            - [time, '0.033']
            - [success, true]
            - [shouldpass, false]
            - - output
              - |-
                b'tests/fail/test_unsupported.jazz: line 4 (10-19): typing error: can not recognize the primitive\n'
        - !!python/object/apply:collections.OrderedDict
          - - [name, test_var_alloc (tests/fail/test_var_alloc.jazz)]
            - [time, '0.044']
            - [success, true]
            - [shouldpass, false]
            - - output
              - |-
                b'tests/fail/test_var_alloc.jazz: line 30 (9-11): typing error: can not return the local stack variable t1\n'
        - !!python/object/apply:collections.OrderedDict
          - - [name, test_var_alloc_fail1 (tests/fail/test_var_alloc_fail1.jazz)]
            - [time, '0.040']
            - [success, true]
            - [shouldpass, false]
            - - output
              - |-
                b'WARNING: at tests/fail/test_var_alloc_fail1.jazz: line 12 (2-16), variables t2 and t1 will be merged to t1\ntests/fail/test_var_alloc_fail1.jazz: line 14 (9-11): variable t1.107 is an array (function return)\n'
        - !!python/object/apply:collections.OrderedDict
          - - [name, test_var_alloc_fail2 (tests/fail/test_var_alloc_fail2.jazz)]
            - [time, '0.033']
            - [success, true]
            - [shouldpass, false]
            - - output
              - |-
                b'tests/fail/test_var_alloc_fail2.jazz: line 11 (12-14): typing error: the variable t1 has kind Reg instead of Stack\n'
        - !!python/object/apply:collections.OrderedDict
          - - [name, test_vectorexpr1 (tests/fail/test_vectorexpr1.jazz)]
            - [time, '0.039']
            - [success, true]
            - [shouldpass, false]
            - - output
              - |-
                b'tests/fail/test_vectorexpr1.jazz: line 8 (15-16): typing error: can not implicitly cast U128 into U256\n'
